{"/Users/odeace/Desktop/code/react-firstStep/src/features/featureOne/featureOneSlice.ts": {"path":"/Users/odeace/Desktop/code/react-firstStep/src/features/featureOne/featureOneSlice.ts","statementMap":{"0":{"start":{"line":10,"column":42},"end":{"line":12,"column":1}},"1":{"start":{"line":14,"column":31},"end":{"line":22,"column":2}},"2":{"start":{"line":19,"column":6},"end":{"line":19,"column":34}},"3":{"start":{"line":24,"column":26},"end":{"line":24,"column":49}},"4":{"start":{"line":26,"column":32},"end":{"line":26,"column":69}},"5":{"start":{"line":26,"column":54},"end":{"line":26,"column":69}}},"fnMap":{"0":{"name":"(anonymous_0)","decl":{"start":{"line":18,"column":12},"end":{"line":18,"column":13}},"loc":{"start":{"line":18,"column":54},"end":{"line":20,"column":5}},"line":18},"1":{"name":"(anonymous_1)","decl":{"start":{"line":26,"column":32},"end":{"line":26,"column":33}},"loc":{"start":{"line":26,"column":54},"end":{"line":26,"column":69}},"line":26}},"branchMap":{},"s":{"0":1,"1":1,"2":1,"3":1,"4":1,"5":1},"f":{"0":1,"1":1},"b":{},"_coverageSchema":"1a1c01bbd47fc00a2c39e90264f33305004495a9","hash":"81ccd39c8a47e55927993a47cb19e6e2d168915d"}
}
